Sakila Services | 07:48:56 11-05-2022 | [[36mINFO[39m] : [36mGET /api/sakila/film/23?ahihihi=1234&bdhfbs=123&token=12345[39m
Sakila Services | 07:48:56 11-05-2022 | [[36mINFO[39m] : [36mRETURN: {"error_code":1,"data":{},"error_msg":"Permissions denied","debug_msg":null}[39m
Sakila Services | 08:05:12 11-05-2022 | [[36mINFO[39m] : [36mGET /api/sakila/film/23?ahihihi=1234&bdhfbs=123&token=12345[39m
Sakila Services | 08:05:12 11-05-2022 | [[36mINFO[39m] : [36mRETURN: {"error_code":1,"data":{},"error_msg":"Permissions denied","debug_msg":null}[39m
Sakila Services | 08:05:24 11-05-2022 | [[36mINFO[39m] : [36mGET /api/sakila/film/23?ahihihi=1234&bdhfbs=123&token=1234[39m
Sakila Services | 08:05:24 11-05-2022 | [[32mDEBUG[39m] : [32m{[39m
[32m  film_id: 23,[39m
[32m  title: 'ANACONDA CONFESSIONS',[39m
[32m  description: 'A Lacklusture Display of a Dentist And a Dentist who must Fight a Girl in Australia',[39m
[32m  release_year: 2006,[39m
[32m  language_id: 1,[39m
[32m  original_language_id: null,[39m
[32m  rental_duration: 3,[39m
[32m  rental_rate: '0.99',[39m
[32m  length: 92,[39m
[32m  replacement_cost: '9.99',[39m
[32m  rating: 'R',[39m
[32m  special_features: 'Trailers,Deleted Scenes',[39m
[32m  last_update: 2006-02-14T22:03:42.000Z[39m
[32m}[39m
Sakila Services | 08:05:24 11-05-2022 | [[36mINFO[39m] : [36mRETURN: {"film_id":23,"title":"ANACONDA CONFESSIONS","description":"A Lacklusture Display of a Dentist And a Dentist who must Fight a Girl in Australia","release_year":2006,"language_id":1,"original_language_id":null,"rental_duration":3,"rental_rate":"0.99","length":92,"replacement_cost":"9.99","rating":"R","special_features":"Trailers,Deleted Scenes","last_update":"2006-02-14T22:03:42.000Z"}[39m
